<?xml version="1.0" encoding="UTF-8"?>
<!-- Generated by org.testng.reporters.JUnitXMLReporter -->
<testsuite hostname="PMCLAP1279" ignored="0" name="Default test" tests="11" failures="0" timestamp="17 Jul 2020 04:14:07 GMT" time="1.941" errors="0">
  <testcase name="@BeforeMethod setup" time="1.869" classname="myntratestpages.Homepagetest">
    <failure type="java.lang.NoSuchMethodError" message="com.google.common.base.Throwables.throwIfUnchecked(Ljava/lang/Throwable;)V">
      <![CDATA[java.lang.NoSuchMethodError: com.google.common.base.Throwables.throwIfUnchecked(Ljava/lang/Throwable;)V
at org.openqa.selenium.remote.service.DriverCommandExecutor.execute(DriverCommandExecutor.java:91)
at org.openqa.selenium.remote.RemoteWebDriver.execute(RemoteWebDriver.java:582)
at org.openqa.selenium.remote.RemoteWebDriver.startSession(RemoteWebDriver.java:216)
at org.openqa.selenium.remote.RemoteWebDriver.<init>(RemoteWebDriver.java:136)
at org.openqa.selenium.firefox.FirefoxDriver.<init>(FirefoxDriver.java:188)
at org.openqa.selenium.firefox.FirefoxDriver.<init>(FirefoxDriver.java:176)
at org.openqa.selenium.firefox.FirefoxDriver.<init>(FirefoxDriver.java:154)
at basefile.Testbase.initialization(Testbase.java:28)
at myntratestpages.Homepagetest.setup(Homepagetest.java:27)
at sun.reflect.NativeMethodAccessorImpl.invoke0(Native Method)
at sun.reflect.NativeMethodAccessorImpl.invoke(NativeMethodAccessorImpl.java:62)
at sun.reflect.DelegatingMethodAccessorImpl.invoke(DelegatingMethodAccessorImpl.java:43)
at java.lang.reflect.Method.invoke(Method.java:498)
at org.testng.internal.MethodInvocationHelper.invokeMethod(MethodInvocationHelper.java:124)
at org.testng.internal.MethodInvocationHelper.invokeMethodConsideringTimeout(MethodInvocationHelper.java:59)
at org.testng.internal.Invoker.invokeConfigurationMethod(Invoker.java:458)
at org.testng.internal.Invoker.invokeConfigurations(Invoker.java:222)
at org.testng.internal.Invoker.invokeMethod(Invoker.java:523)
at org.testng.internal.Invoker.invokeTestMethod(Invoker.java:719)
at org.testng.internal.Invoker.invokeTestMethods(Invoker.java:989)
at org.testng.internal.TestMethodWorker.invokeTestMethods(TestMethodWorker.java:125)
at org.testng.internal.TestMethodWorker.run(TestMethodWorker.java:109)
at org.testng.TestRunner.privateRun(TestRunner.java:648)
at org.testng.TestRunner.run(TestRunner.java:505)
at org.testng.SuiteRunner.runTest(SuiteRunner.java:455)
at org.testng.SuiteRunner.runSequentially(SuiteRunner.java:450)
at org.testng.SuiteRunner.privateRun(SuiteRunner.java:415)
at org.testng.SuiteRunner.run(SuiteRunner.java:364)
at org.testng.SuiteRunnerWorker.runSuite(SuiteRunnerWorker.java:52)
at org.testng.SuiteRunnerWorker.run(SuiteRunnerWorker.java:84)
at org.testng.TestNG.runSuitesSequentially(TestNG.java:1208)
at org.testng.TestNG.runSuitesLocally(TestNG.java:1137)
at org.testng.TestNG.runSuites(TestNG.java:1049)
at org.testng.TestNG.run(TestNG.java:1017)
at org.testng.remote.AbstractRemoteTestNG.run(AbstractRemoteTestNG.java:114)
at org.testng.remote.RemoteTestNG.initAndRun(RemoteTestNG.java:251)
at org.testng.remote.RemoteTestNG.main(RemoteTestNG.java:77)
]]>
    </failure>
  </testcase> <!-- @BeforeMethod setup -->
  <testcase name="@AfterMethod quit" time="0.0" classname="myntratestpages.Homepagetest">
    <skipped/>
  </testcase> <!-- @AfterMethod quit -->
  <testcase name="@BeforeMethod setup" time="0.0" classname="myntratestpages.Homepagetest">
    <skipped/>
  </testcase> <!-- @BeforeMethod setup -->
  <testcase name="@AfterMethod quit" time="0.0" classname="myntratestpages.Homepagetest">
    <skipped/>
  </testcase> <!-- @AfterMethod quit -->
  <testcase name="@BeforeMethod setup" time="0.0" classname="myntratestpages.Homepagetest">
    <skipped/>
  </testcase> <!-- @BeforeMethod setup -->
  <testcase name="@AfterMethod quit" time="0.0" classname="myntratestpages.Homepagetest">
    <skipped/>
  </testcase> <!-- @AfterMethod quit -->
  <testcase name="@BeforeMethod setup" time="0.0" classname="myntratestpages.Homepagetest">
    <skipped/>
  </testcase> <!-- @BeforeMethod setup -->
  <testcase name="@AfterMethod quit" time="0.0" classname="myntratestpages.Homepagetest">
    <skipped/>
  </testcase> <!-- @AfterMethod quit -->
  <testcase name="@BeforeMethod setup" time="0.0" classname="myntratestpages.Homepagetest">
    <skipped/>
  </testcase> <!-- @BeforeMethod setup -->
  <testcase name="@AfterMethod quit" time="0.0" classname="myntratestpages.Homepagetest">
    <skipped/>
  </testcase> <!-- @AfterMethod quit -->
  <testcase name="@BeforeMethod setup" time="0.0" classname="myntratestpages.Homepagetest">
    <skipped/>
  </testcase> <!-- @BeforeMethod setup -->
  <testcase name="@AfterMethod quit" time="0.0" classname="myntratestpages.Homepagetest">
    <skipped/>
  </testcase> <!-- @AfterMethod quit -->
  <testcase name="@BeforeMethod setup" time="0.0" classname="myntratestpages.Homepagetest">
    <skipped/>
  </testcase> <!-- @BeforeMethod setup -->
  <testcase name="@AfterMethod quit" time="0.0" classname="myntratestpages.Homepagetest">
    <skipped/>
  </testcase> <!-- @AfterMethod quit -->
  <testcase name="@BeforeMethod setup" time="0.0" classname="myntratestpages.Homepagetest">
    <skipped/>
  </testcase> <!-- @BeforeMethod setup -->
  <testcase name="@AfterMethod quit" time="0.0" classname="myntratestpages.Homepagetest">
    <skipped/>
  </testcase> <!-- @AfterMethod quit -->
  <testcase name="@BeforeMethod setup" time="0.0" classname="myntratestpages.Homepagetest">
    <skipped/>
  </testcase> <!-- @BeforeMethod setup -->
  <testcase name="@AfterMethod quit" time="0.0" classname="myntratestpages.Homepagetest">
    <skipped/>
  </testcase> <!-- @AfterMethod quit -->
  <testcase name="@BeforeMethod setup" time="0.0" classname="myntratestpages.Homepagetest">
    <skipped/>
  </testcase> <!-- @BeforeMethod setup -->
  <testcase name="@AfterMethod quit" time="0.0" classname="myntratestpages.Homepagetest">
    <skipped/>
  </testcase> <!-- @AfterMethod quit -->
  <testcase name="@BeforeMethod setup" time="0.0" classname="myntratestpages.Homepagetest">
    <skipped/>
  </testcase> <!-- @BeforeMethod setup -->
  <testcase name="@AfterMethod quit" time="0.0" classname="myntratestpages.Homepagetest">
    <skipped/>
  </testcase> <!-- @AfterMethod quit -->
  <testcase name="adv" time="0.0" classname="myntratestpages.Homepagetest">
    <skipped/>
  </testcase> <!-- adv -->
  <testcase name="clickbag" time="0.0" classname="myntratestpages.Homepagetest">
    <skipped/>
  </testcase> <!-- clickbag -->
  <testcase name="clickwishlist" time="0.0" classname="myntratestpages.Homepagetest">
    <skipped/>
  </testcase> <!-- clickwishlist -->
  <testcase name="loginbuttonclick" time="0.0" classname="myntratestpages.Homepagetest">
    <skipped/>
  </testcase> <!-- loginbuttonclick -->
  <testcase name="logo" time="0.0" classname="myntratestpages.Homepagetest">
    <skipped/>
  </testcase> <!-- logo -->
  <testcase name="mencategory" time="0.0" classname="myntratestpages.Homepagetest">
    <skipped/>
  </testcase> <!-- mencategory -->
  <testcase name="referbuttonclick" time="0.0" classname="myntratestpages.Homepagetest">
    <skipped/>
  </testcase> <!-- referbuttonclick -->
  <testcase name="searchsuggestio" time="0.0" classname="myntratestpages.Homepagetest">
    <skipped/>
  </testcase> <!-- searchsuggestio -->
  <testcase name="selectcategory" time="0.0" classname="myntratestpages.Homepagetest">
    <skipped/>
  </testcase> <!-- selectcategory -->
  <testcase name="title" time="0.0" classname="myntratestpages.Homepagetest">
    <skipped/>
  </testcase> <!-- title -->
  <testcase name="womencategory" time="0.0" classname="myntratestpages.Homepagetest">
    <skipped/>
  </testcase> <!-- womencategory -->
</testsuite> <!-- Default test -->
