<?xml version="1.0" encoding="UTF-8"?>
<testsuite name="TestSuite" time="414.635" tests="43" errors="0" skipped="0" failures="7">
  <properties>
[...]
</properties>
  <testcase name="cartadded" classname="myntratestpages.Producttestpage" time="1.52"/>
  <testcase name="clickcart" classname="myntratestpages.Producttestpage" time="40.689"/>
  <testcase name="clickchangebutton" classname="myntratestpages.Producttestpage" time="3.651"/>
  <testcase name="displaybreadcrumb" classname="myntratestpages.Producttestpage" time="0.031"/>
  <testcase name="displaytickicon" classname="myntratestpages.Producttestpage" time="0.801"/>
  <testcase name="emiplan" classname="myntratestpages.Producttestpage" time="50.513">
    <failure message="Supplied function might have stalled&#10;Build info: version: &apos;4.0.0-alpha-6&apos;, revision: &apos;5f43a29cfc&apos;&#10;System info: host: &apos;PMCLAP1279&apos;, ip: &apos;192.168.56.1&apos;, os.name: &apos;Windows 10&apos;, os.arch: &apos;x86&apos;, os.version: &apos;10.0&apos;, java.version: &apos;1.8.0_251&apos;&#10;Driver info: driver.version: unknown" type="org.openqa.selenium.TimeoutException">org.openqa.selenium.TimeoutException: Supplied function might have stalled
Build info: version: '4.0.0-alpha-6', revision: '5f43a29cfc'
System info: host: 'PMCLAP1279', ip: '192.168.56.1', os.name: 'Windows 10', os.arch: 'x86', os.version: '10.0', java.version: '1.8.0_251'
Driver info: driver.version: unknown
	at java.util.concurrent.CompletableFuture.timedGet(CompletableFuture.java:1784)
	at java.util.concurrent.CompletableFuture.get(CompletableFuture.java:1928)
	at org.openqa.selenium.support.ui.FluentWait.until(FluentWait.java:208)
	at myntrapages.Productpage.emiplan(Productpage.java:117)
	at myntratestpages.Producttestpage.emiplan(Producttestpage.java:115)
</failure>
    <system-err><![CDATA[1595323258854	Marionette	INFO	Stopped listening on port 63721
[Parent 28500, Gecko_IOThread] WARNING: pipe error: 109: file z:/task_1592842110/build/src/ipc/chromium/src/chrome/common/ipc_channel_win.cc, line 348
[Child 12572, Chrome_ChildThread] WARNING: pipe error: 109: file z:/task_1592842110/build/src/ipc/chromium/src/chrome/common/ipc_channel_win.cc, line 348
[Child 12572, Chrome_ChildThread] WARNING: pipe error: 109: file z:/task_1592842110/build/src/ipc/chromium/src/chrome/common/ipc_channel_win.cc, line 348
[Parent 28500, Gecko_IOThread] WARNING: pipe error: 109: file z:/task_1592842110/build/src/ipc/chromium/src/chrome/common/ipc_channel_win.cc, line 348
[Child 15200, Chrome_ChildThread] WARNING: pipe error: 109: file z:/task_1592842110/build/src/ipc/chromium/src/chrome/common/ipc_channel_win.cc, line 348
[Child 152[Parent 28500, Gecko_IOThread] WARNING: pipe error: 109: file z:/task_1592842110/build/src/ipc/chromium/src/chrome/common/ipc_channel_win.cc, line 348
[Child 268, Chrome_ChildThread] WARNING: pipe error: 109: file z:/task_1592842110/build/src/ipc/chromium/src/chrome/common/ipc_channel_win.cc, line 348
[Child 268, Chrome_ChildThread] WARNING: pi
###!!! [Child][RunMessage] Error: Channel closing: too late to send/recv, messages will be lost

[GPU 24920, 
###!!! [Child][MessageChannel::SendAndWait] Error: Channel error: cannot send/recv

1595323260734	mozrunner::runner	INFO	Running command: "C:\\Program Files\\Mozilla Firefox\\firefox.exe" "-marionette" "-foreground" "-no-remote" "-profile" "C:\\Users\\GehlotK\\AppData\\Local\\Temp\\rust_mozprofile.Ssmu1xKdy5b3"
1595323261342	addons.webextension.screenshots@mozilla.org	WARN	Loading extension 'screenshots@mozilla.org': Reading manifest: Invalid extension permission: mozillaAddons
1595323261342	addons.webextension.screenshots@mozilla.org	WARN	Loading extension 'screenshots@mozilla.org': Reading manifest: Invalid extension permission: telemetry
1595323261345	addons.webextension.screenshots@mozilla.org	WARN	Loading extension 'screenshots@mozilla.org': Reading manifest: Invalid extension permission: resource://pdf.js/
1595323261345	addons.webextension.screenshots@mozilla.org	WARN	Loading extension 'screenshots@mozilla.org': Reading manifest: Invalid extension permission: about:reader*
JavaScript error: undefined, line 14: Error: An unexpected error occurred
JavaScript error: moz-extension://3a438938-9aa5-4e8f-97a4-b742c2a4ea78/lib/picture_in_picture_overrides.js, line 15: Error: Incorrect argument types for pictureInPictureParent.setOverrides.
JavaScript error: resource:///modules/sessionstore/SessionStore.jsm, line 1325: uncaught exception: 2147746065
1595323263508	Marionette	INFO	Listening on port 63807
1595323263853	Marionette	WARN	TLS certificate errors will be ignored for this session
Jul 21, 2020 2:51:03 PM org.openqa.selenium.remote.ProtocolHandshake createSession
INFO: Detected dialect: W3C
JavaScript error: https://www.myntra.com/jeans/kook-n-keech/kook-n-keech-men-black-cargo-jogger-fit-mid-rise-clean-look-stretchable-jeans/10474908/buy line 1630 > scriptElement, line 1: ReferenceError: gtag is not defined
]]></system-err>
  </testcase>
  <testcase name="pincodevalidation" classname="myntratestpages.Producttestpage" time="3.283"/>
  <testcase name="pincodevalidationmessage" classname="myntratestpages.Producttestpage" time="0.39"/>
  <testcase name="productname" classname="myntratestpages.Producttestpage" time="0.017"/>
  <testcase name="size30" classname="myntratestpages.Producttestpage" time="0.311"/>
  <testcase name="sizechartconatinerdisplay" classname="myntratestpages.Producttestpage" time="0.306"/>
  <testcase name="title" classname="myntratestpages.Producttestpage" time="3.003"/>
  <testcase name="adv" classname="myntratestpages.Homepagetest" time="0.032"/>
  <testcase name="clickbag" classname="myntratestpages.Homepagetest" time="1.368"/>
  <testcase name="clickwishlist" classname="myntratestpages.Homepagetest" time="0.846"/>
  <testcase name="loginbuttonclick" classname="myntratestpages.Homepagetest" time="9.253"/>
  <testcase name="logo" classname="myntratestpages.Homepagetest" time="0.04"/>
  <testcase name="mencategory" classname="myntratestpages.Homepagetest" time="0.041"/>
  <testcase name="referbuttonclick" classname="myntratestpages.Homepagetest" time="20.015">
    <failure message="Unable to locate element: //button[@class=&apos;referrals-banner-exchange-more-btn&apos;]&#10;For documentation on this error, please visit: https://selenium.dev/exceptions/#no_such_element&#10;Build info: version: &apos;4.0.0-alpha-6&apos;, revision: &apos;5f43a29cfc&apos;&#10;System info: host: &apos;PMCLAP1279&apos;, ip: &apos;192.168.56.1&apos;, os.name: &apos;Windows 10&apos;, os.arch: &apos;x86&apos;, os.version: &apos;10.0&apos;, java.version: &apos;1.8.0_251&apos;&#10;Driver info: org.openqa.selenium.firefox.FirefoxDriver&#10;Capabilities {acceptInsecureCerts: true, browserName: firefox, browserVersion: 68.10.0, javascriptEnabled: true, moz:accessibilityChecks: false, moz:buildID: 20200622191537, moz:geckodriverVersion: 0.24.0, moz:headless: false, moz:processID: 18260, moz:profile: C:\Users\GehlotK\AppData\Lo..., moz:shutdownTimeout: 60000, moz:useNonSpecCompliantPointerOrigin: false, moz:webdriverClick: true, pageLoadStrategy: normal, platform: WINDOWS, platformName: WINDOWS, platformVersion: 10.0, rotatable: false, setWindowRect: true, strictFileInteractability: false, timeouts: {implicit: 0, pageLoad: 300000, script: 30000}, unhandledPromptBehavior: dismiss and notify}&#10;Session ID: 3a34b334-b25e-4dc9-aed7-4b9c51c622d7&#10;*** Element info: {Using=xpath, value=//button[@class=&apos;referrals-banner-exchange-more-btn&apos;]}" type="org.openqa.selenium.NoSuchElementException">org.openqa.selenium.NoSuchElementException: Unable to locate element: //button[@class='referrals-banner-exchange-more-btn']
For documentation on this error, please visit: https://selenium.dev/exceptions/#no_such_element
Build info: version: '4.0.0-alpha-6', revision: '5f43a29cfc'
System info: host: 'PMCLAP1279', ip: '192.168.56.1', os.name: 'Windows 10', os.arch: 'x86', os.version: '10.0', java.version: '1.8.0_251'
Driver info: org.openqa.selenium.firefox.FirefoxDriver
Capabilities {acceptInsecureCerts: true, browserName: firefox, browserVersion: 68.10.0, javascriptEnabled: true, moz:accessibilityChecks: false, moz:buildID: 20200622191537, moz:geckodriverVersion: 0.24.0, moz:headless: false, moz:processID: 18260, moz:profile: C:\Users\GehlotK\AppData\Lo..., moz:shutdownTimeout: 60000, moz:useNonSpecCompliantPointerOrigin: false, moz:webdriverClick: true, pageLoadStrategy: normal, platform: WINDOWS, platformName: WINDOWS, platformVersion: 10.0, rotatable: false, setWindowRect: true, strictFileInteractability: false, timeouts: {implicit: 0, pageLoad: 300000, script: 30000}, unhandledPromptBehavior: dismiss and notify}
Session ID: 3a34b334-b25e-4dc9-aed7-4b9c51c622d7
*** Element info: {Using=xpath, value=//button[@class='referrals-banner-exchange-more-btn']}
	at sun.reflect.NativeConstructorAccessorImpl.newInstance0(Native Method)
	at sun.reflect.NativeConstructorAccessorImpl.newInstance(NativeConstructorAccessorImpl.java:62)
	at sun.reflect.DelegatingConstructorAccessorImpl.newInstance(DelegatingConstructorAccessorImpl.java:45)
	at java.lang.reflect.Constructor.newInstance(Constructor.java:423)
	at org.openqa.selenium.remote.codec.w3c.W3CHttpResponseCodec.createException(W3CHttpResponseCodec.java:196)
	at org.openqa.selenium.remote.codec.w3c.W3CHttpResponseCodec.decode(W3CHttpResponseCodec.java:129)
	at org.openqa.selenium.remote.codec.w3c.W3CHttpResponseCodec.decode(W3CHttpResponseCodec.java:53)
	at org.openqa.selenium.remote.HttpCommandExecutor.execute(HttpCommandExecutor.java:160)
	at org.openqa.selenium.remote.service.DriverCommandExecutor.execute(DriverCommandExecutor.java:83)
	at org.openqa.selenium.remote.RemoteWebDriver.execute(RemoteWebDriver.java:582)
	at org.openqa.selenium.remote.RemoteWebDriver.findElement(RemoteWebDriver.java:333)
	at org.openqa.selenium.remote.RemoteWebDriver.findElementByXPath(RemoteWebDriver.java:451)
	at org.openqa.selenium.By$ByXPath.findElement(By.java:394)
	at org.openqa.selenium.remote.RemoteWebDriver.findElement(RemoteWebDriver.java:325)
	at org.openqa.selenium.support.pagefactory.DefaultElementLocator.findElement(DefaultElementLocator.java:70)
	at org.openqa.selenium.support.pagefactory.internal.LocatingElementHandler.invoke(LocatingElementHandler.java:39)
	at com.sun.proxy.$Proxy11.click(Unknown Source)
	at myntrapages.Homepage.referbutton(Homepage.java:82)
	at myntratestpages.Homepagetest.referbuttonclick(Homepagetest.java:79)
</failure>
    <system-err><![CDATA[1595323669832	Marionette	INFO	Stopped listening on port 64819
[Parent 16688, Gecko_IOThread] WARNING: pipe error: 109: file z:/task_1592842110/build/src/ipc/chromium/src/chrome/common/ipc_channel_win.cc, line 348
[Child 17860, Chrome_ChildThread] WARNING: pipe error: 109: file z:/task_1592842110/build/src/ipc/chromium/src/chrome/common/ipc_channel_win.cc, line 348
[Child 17860, Chrome_ChildThread] WARNING: pipe error: 109: file z:/task_1592842110/build/src/ipc/chromium/src/chrome/common/ipc_channel_win.cc,[Parent 16688, Gecko_IOThread] WARNING: pipe error: 109: file z:/task_1592842110/build/src/ipc/chromium/src/chrome/common/ipc_channel_win.cc, line 348
[Child 16592, Chrome_ChildThread] WARNING: pipe error: 109: file z:/task_1592842110/build/src/ipc/chromium/src/chrome/common/ipc_channel_win.cc, line 348
[Child 16592, Chrome_ChildThread] WARNING: pipe error: 109: file z:/task_1592842110/build/src/ipc/chromi[Parent 16688, Gecko_IOThread] WARNING: pipe error: 109: file z:/task_1592842110/build/src/ipc/chromium/src/chrome/common/ipc_channel_win.cc, line 348
[GP
###!!! [Child][RunMessage] Error: Channel closing: too late to send/recv, messages will be lost

U 9460, Chrome_ChildThread
###!!! [Child][MessageChannel::SendAndWait] Error: Channel error: cannot send/recv

1595323671712	mozrunner::runner	INFO	Running command: "C:\\Program Files\\Mozilla Firefox\\firefox.exe" "-marionette" "-foreground" "-no-remote" "-profile" "C:\\Users\\GehlotK\\AppData\\Local\\Temp\\rust_mozprofile.q5WESBcYbbc5"
1595323672262	addons.webextension.screenshots@mozilla.org	WARN	Loading extension 'screenshots@mozilla.org': Reading manifest: Invalid extension permission: mozillaAddons
1595323672262	addons.webextension.screenshots@mozilla.org	WARN	Loading extension 'screenshots@mozilla.org': Reading manifest: Invalid extension permission: telemetry
1595323672262	addons.webextension.screenshots@mozilla.org	WARN	Loading extension 'screenshots@mozilla.org': Reading manifest: Invalid extension permission: resource://pdf.js/
1595323672265	addons.webextension.screenshots@mozilla.org	WARN	Loading extension 'screenshots@mozilla.org': Reading manifest: Invalid extension permission: about:reader*
JavaScript error: undefined, line 14: Error: An unexpected error occurred
JavaScript error: moz-extension://681ea6f6-3ce8-43f8-8ab3-3f91d28016d7/lib/picture_in_picture_overrides.js, line 15: Error: Incorrect argument types for pictureInPictureParent.setOverrides.
JavaScript error: resource:///modules/sessionstore/SessionStore.jsm, line 1325: uncaught exception: 2147746065
1595323674126	Marionette	INFO	Listening on port 64890
1595323674330	Marionette	WARN	TLS certificate errors will be ignored for this session
Jul 21, 2020 2:57:54 PM org.openqa.selenium.remote.ProtocolHandshake createSession
INFO: Detected dialect: W3C
]]></system-err>
  </testcase>
  <testcase name="searchsuggestio" classname="myntratestpages.Homepagetest" time="21.879"/>
  <testcase name="selectcategory" classname="myntratestpages.Homepagetest" time="9.702"/>
  <testcase name="title" classname="myntratestpages.Homepagetest" time="0.004"/>
  <testcase name="womencategory" classname="myntratestpages.Homepagetest" time="0.046"/>
  <testcase name="breadcrumb" classname="myntratestpages.Categorytestpage" time="0.038"/>
  <testcase name="clearallbuttondisplay" classname="myntratestpages.Categorytestpage" time="0.863"/>
  <testcase name="discountselection" classname="myntratestpages.Categorytestpage" time="0.782"/>
  <testcase name="fadeselection" classname="myntratestpages.Categorytestpage" time="0.842"/>
  <testcase name="product" classname="myntratestpages.Categorytestpage" time="10.494"/>
  <testcase name="productcount" classname="myntratestpages.Categorytestpage" time="21.922">
    <failure message="expected [- 411 items] but found [- 412 items]" type="java.lang.AssertionError">java.lang.AssertionError: expected [- 411 items] but found [- 412 items]
	at org.testng.Assert.fail(Assert.java:96)
	at org.testng.Assert.failNotEquals(Assert.java:776)
	at org.testng.Assert.assertEqualsImpl(Assert.java:137)
	at org.testng.Assert.assertEquals(Assert.java:118)
	at org.testng.Assert.assertEquals(Assert.java:453)
	at org.testng.Assert.assertEquals(Assert.java:463)
	at myntratestpages.Categorytestpage.productcount(Categorytestpage.java:43)
</failure>
    <system-out><![CDATA[50
412
- 412 items
]]></system-out>
    <system-err><![CDATA[1595323942038	Marionette	INFO	Stopped listening on port 49282
[Child 27324, Chrome_ChildThread] WARNING: pipe error: 109: file z:/task_1592842110/build/src/ipc/chromium/src/chrome/common/ipc_channel_win.cc, line 348
[Child 27324, Chrome_ChildThread] WARNING: pipe error: 109: file z:/task_1592842110/build/src/ipc/chromium/src/chrome/common/ipc_channel_win.cc, line 348
[Parent 38764, Gecko_IOThread] WARNING: pipe error: 109: file z:/task_1592842110/build/src/ipc/chromium/src/chrome/common/ipc_channel_win.cc, line 348
[Child 11516, Chrome_ChildThread] WARNING: pipe error: 109: file z:/task_1592842110/build/src/ipc/chromium/src/chrome/common/ipc_channel_win.cc, line 348
[Child 11516, Chrome_ChildThread] WARNING: pipe error: 109: fil[Parent 38764, Gecko_IOThread] WARNING: pipe error: 109: file z:/task_1592842110/build/src/ipc/chromium/src/chrome/common/ipc_channel_win.cc, line 348
[Child 39428, Chrome_ChildThread] WARNING: pipe error: 109: file z:/task_1592842110/build/src/ipc/chromium/src/chrome/common/ipc_channel_win.cc, line 348
[Child 39428, Chrome_ChildThread] WARNING: pipe error: 109: fi[GPU 26316, Chrome_ChildThre
###!!! [Child][RunMessage] Error: Channel closing: too late to send/recv, messages will be lost

a
###!!! [Child][MessageChannel::SendAndWait] Error: Channel error: cannot send/recv

1595323943956	mozrunner::runner	INFO	Running command: "C:\\Program Files\\Mozilla Firefox\\firefox.exe" "-marionette" "-foreground" "-no-remote" "-profile" "C:\\Users\\GehlotK\\AppData\\Local\\Temp\\rust_mozprofile.qsI0426oiM5W"
1595323944508	addons.webextension.screenshots@mozilla.org	WARN	Loading extension 'screenshots@mozilla.org': Reading manifest: Invalid extension permission: mozillaAddons
1595323944508	addons.webextension.screenshots@mozilla.org	WARN	Loading extension 'screenshots@mozilla.org': Reading manifest: Invalid extension permission: telemetry
1595323944508	addons.webextension.screenshots@mozilla.org	WARN	Loading extension 'screenshots@mozilla.org': Reading manifest: Invalid extension permission: resource://pdf.js/
1595323944512	addons.webextension.screenshots@mozilla.org	WARN	Loading extension 'screenshots@mozilla.org': Reading manifest: Invalid extension permission: about:reader*
JavaScript error: undefined, line 14: Error: An unexpected error occurred
JavaScript error: moz-extension://4b21cbf8-c2a1-4baa-bae7-876be7b02cd4/lib/picture_in_picture_overrides.js, line 15: Error: Incorrect argument types for pictureInPictureParent.setOverrides.
JavaScript error: resource:///modules/sessionstore/SessionStore.jsm, line 1325: uncaught exception: 2147746065
1595323946328	Marionette	INFO	Listening on port 49368
1595323946576	Marionette	WARN	TLS certificate errors will be ignored for this session
Jul 21, 2020 3:02:26 PM org.openqa.selenium.remote.ProtocolHandshake createSession
INFO: Detected dialect: W3C
]]></system-err>
  </testcase>
  <testcase name="similarproducts" classname="myntratestpages.Categorytestpage" time="22.903">
    <failure message="java.lang.reflect.InvocationTargetException&#10;Build info: version: &apos;4.0.0-alpha-6&apos;, revision: &apos;5f43a29cfc&apos;&#10;System info: host: &apos;PMCLAP1279&apos;, ip: &apos;192.168.56.1&apos;, os.name: &apos;Windows 10&apos;, os.arch: &apos;x86&apos;, os.version: &apos;10.0&apos;, java.version: &apos;1.8.0_251&apos;&#10;Driver info: driver.version: RemoteWebDriver" type="org.openqa.selenium.json.JsonException">org.openqa.selenium.json.JsonException: java.lang.reflect.InvocationTargetException
Build info: version: '4.0.0-alpha-6', revision: '5f43a29cfc'
System info: host: 'PMCLAP1279', ip: '192.168.56.1', os.name: 'Windows 10', os.arch: 'x86', os.version: '10.0', java.version: '1.8.0_251'
Driver info: driver.version: RemoteWebDriver
	at sun.reflect.NativeConstructorAccessorImpl.newInstance0(Native Method)
	at sun.reflect.NativeConstructorAccessorImpl.newInstance(NativeConstructorAccessorImpl.java:62)
	at sun.reflect.DelegatingConstructorAccessorImpl.newInstance(DelegatingConstructorAccessorImpl.java:45)
	at java.lang.reflect.Constructor.newInstance(Constructor.java:423)
	at org.openqa.selenium.remote.codec.w3c.W3CHttpResponseCodec.createException(W3CHttpResponseCodec.java:196)
	at org.openqa.selenium.remote.codec.w3c.W3CHttpResponseCodec.decode(W3CHttpResponseCodec.java:129)
	at org.openqa.selenium.remote.codec.w3c.W3CHttpResponseCodec.decode(W3CHttpResponseCodec.java:53)
	at org.openqa.selenium.remote.HttpCommandExecutor.execute(HttpCommandExecutor.java:160)
	at org.openqa.selenium.remote.service.DriverCommandExecutor.execute(DriverCommandExecutor.java:83)
	at org.openqa.selenium.remote.RemoteWebDriver.execute(RemoteWebDriver.java:582)
	at org.openqa.selenium.remote.RemoteWebDriver.findElement(RemoteWebDriver.java:333)
	at org.openqa.selenium.remote.RemoteWebDriver.findElementByXPath(RemoteWebDriver.java:451)
	at org.openqa.selenium.By$ByXPath.findElement(By.java:394)
	at org.openqa.selenium.remote.RemoteWebDriver.findElement(RemoteWebDriver.java:325)
	at org.openqa.selenium.support.pagefactory.DefaultElementLocator.findElement(DefaultElementLocator.java:70)
	at org.openqa.selenium.support.pagefactory.internal.LocatingElementHandler.invoke(LocatingElementHandler.java:39)
	at com.sun.proxy.$Proxy11.getWrappedElement(Unknown Source)
	at org.openqa.selenium.interactions.PointerInput$Origin.asArg(PointerInput.java:201)
	at org.openqa.selenium.interactions.PointerInput$Move.encode(PointerInput.java:152)
	at org.openqa.selenium.interactions.Sequence.encode(Sequence.java:73)
	at org.openqa.selenium.interactions.Sequence.toJson(Sequence.java:82)
	at sun.reflect.NativeMethodAccessorImpl.invoke0(Native Method)
	at sun.reflect.NativeMethodAccessorImpl.invoke(NativeMethodAccessorImpl.java:62)
	at sun.reflect.DelegatingMethodAccessorImpl.invoke(DelegatingMethodAccessorImpl.java:43)
	at java.lang.reflect.Method.invoke(Method.java:498)
	at org.openqa.selenium.json.JsonOutput.convertUsingMethod(JsonOutput.java:341)
	at org.openqa.selenium.json.JsonOutput.lambda$new$15(JsonOutput.java:148)
	at org.openqa.selenium.json.JsonOutput.write(JsonOutput.java:276)
	at org.openqa.selenium.json.JsonOutput.lambda$new$21(JsonOutput.java:163)
	at java.util.stream.ForEachOps$ForEachOp$OfRef.accept(ForEachOps.java:184)
	at java.util.stream.ReferencePipeline$2$1.accept(ReferencePipeline.java:175)
	at java.util.Iterator.forEachRemaining(Iterator.java:116)
	at java.util.Spliterators$IteratorSpliterator.forEachRemaining(Spliterators.java:1801)
	at java.util.stream.AbstractPipeline.copyInto(AbstractPipeline.java:482)
	at java.util.stream.AbstractPipeline.wrapAndCopyInto(AbstractPipeline.java:472)
	at java.util.stream.ForEachOps$ForEachOp.evaluateSequential(ForEachOps.java:151)
	at java.util.stream.ForEachOps$ForEachOp$OfRef.evaluateSequential(ForEachOps.java:174)
	at java.util.stream.AbstractPipeline.evaluate(AbstractPipeline.java:234)
	at java.util.stream.ReferencePipeline.forEach(ReferencePipeline.java:418)
	at org.openqa.selenium.json.JsonOutput.lambda$new$22(JsonOutput.java:163)
	at org.openqa.selenium.json.JsonOutput.write(JsonOutput.java:276)
	at org.openqa.selenium.json.JsonOutput.lambda$new$23(JsonOutput.java:176)
	at com.google.common.collect.SingletonImmutableBiMap.forEach(SingletonImmutableBiMap.java:65)
	at org.openqa.selenium.json.JsonOutput.lambda$new$24(JsonOutput.java:171)
	at org.openqa.selenium.json.JsonOutput.write(JsonOutput.java:276)
	at org.openqa.selenium.json.JsonOutput.write(JsonOutput.java:267)
	at org.openqa.selenium.json.Json.toJson(Json.java:42)
	at org.openqa.selenium.remote.codec.AbstractHttpCommandCodec.encode(AbstractHttpCommandCodec.java:255)
	at org.openqa.selenium.remote.codec.AbstractHttpCommandCodec.encode(AbstractHttpCommandCodec.java:128)
	at org.openqa.selenium.remote.HttpCommandExecutor.execute(HttpCommandExecutor.java:154)
	at org.openqa.selenium.remote.service.DriverCommandExecutor.execute(DriverCommandExecutor.java:83)
	at org.openqa.selenium.remote.RemoteWebDriver.execute(RemoteWebDriver.java:582)
	at org.openqa.selenium.remote.RemoteWebDriver.perform(RemoteWebDriver.java:652)
	at org.openqa.selenium.interactions.Actions$BuiltAction.perform(Actions.java:613)
	at myntrapages.Categorypage.viewsimilar(Categorypage.java:175)
	at myntratestpages.Categorytestpage.similarproducts(Categorytestpage.java:89)
</failure>
    <system-err><![CDATA[1595323998517	Marionette	INFO	Stopped listening on port 49368
[Parent 2156, Gecko_IOThread] WARNING: pipe error: 109: file z:/task_1592842110/build/src/ipc/chromium/src/chrome/common/ipc_channel_win.cc, line 348
[Child 38264, Chrome_ChildThread] WARNING: pipe error: 109: file z:/task_1592842110/build/src/ipc/chromium/src/chrome/common/ipc_channel_win.cc, line 348
[Parent 2156, Gecko_IOThread] WARNING: pipe error: 109: file z:/task_1592842110/build/src/ipc/chromium/src/chrome/common/ipc_channel_win.cc, line 348
[Child 15528, Chrome_ChildThread] WARNING: pipe error: 109: file z:/task_1592842110/build/src/ipc/chromium/src/chrome/common/ipc_channel_win.cc, line 348
[Child 15528, Chrome_ChildThread] WARNING: pipe error: 109: file [Parent 2156, Gecko_IOThread] WARNING: pipe error: 109: file z:/task_1592842110/build/src/ipc/chromium/src/chrome/common/ipc_channel_win.cc, line 348
[Child 37600, Chrome_ChildThread] WARNING: pipe error: 109: file z:/task_1592842110/build/src/ipc/chromium/src/chrome/common/ipc_channel_win.cc, line 348
[Child 37600, Chrome_ChildThread] WARNING: pipe error: 109: file z:/task_1592842110/build/src/ipc/chromium/src/chrome/common/ipc_cha
###!!! [Child][RunMessage] Error: Channel closing: too late to send/recv, messages will be lost

[GPU 31484, Chrome_ChildThread
###!!! [Child][MessageChannel::SendAndWait] Error: Channel error: cannot send/recv

1595324000269	mozrunner::runner	INFO	Running command: "C:\\Program Files\\Mozilla Firefox\\firefox.exe" "-marionette" "-foreground" "-no-remote" "-profile" "C:\\Users\\GehlotK\\AppData\\Local\\Temp\\rust_mozprofile.Jys5Oz5fsKRO"
1595324000822	addons.webextension.screenshots@mozilla.org	WARN	Loading extension 'screenshots@mozilla.org': Reading manifest: Invalid extension permission: mozillaAddons
1595324000822	addons.webextension.screenshots@mozilla.org	WARN	Loading extension 'screenshots@mozilla.org': Reading manifest: Invalid extension permission: telemetry
1595324000822	addons.webextension.screenshots@mozilla.org	WARN	Loading extension 'screenshots@mozilla.org': Reading manifest: Invalid extension permission: resource://pdf.js/
1595324000825	addons.webextension.screenshots@mozilla.org	WARN	Loading extension 'screenshots@mozilla.org': Reading manifest: Invalid extension permission: about:reader*
JavaScript error: undefined, line 14: Error: An unexpected error occurred
JavaScript error: moz-extension://733b17ea-0436-47a9-8af3-e2fd4cea9d30/lib/picture_in_picture_overrides.js, line 15: Error: Incorrect argument types for pictureInPictureParent.setOverrides.
JavaScript error: resource:///modules/sessionstore/SessionStore.jsm, line 1325: uncaught exception: 2147746065
1595324002703	Marionette	INFO	Listening on port 49457
1595324002903	Marionette	WARN	TLS certificate errors will be ignored for this session
Jul 21, 2020 3:03:22 PM org.openqa.selenium.remote.ProtocolHandshake createSession
INFO: Detected dialect: W3C
]]></system-err>
  </testcase>
  <testcase name="sort" classname="myntratestpages.Categorytestpage" time="0.688"/>
  <testcase name="title" classname="myntratestpages.Categorytestpage" time="0.003"/>
  <testcase name="applyinvalidcoupon" classname="myntratestpages.Carttestpage" time="71.645">
    <failure message="Unable to locate element: //div[@class=&apos;couponsForm-base-applyButton &apos; and text()=&apos;APPLY&apos;]&#10;For documentation on this error, please visit: https://selenium.dev/exceptions/#no_such_element&#10;Build info: version: &apos;4.0.0-alpha-6&apos;, revision: &apos;5f43a29cfc&apos;&#10;System info: host: &apos;PMCLAP1279&apos;, ip: &apos;192.168.56.1&apos;, os.name: &apos;Windows 10&apos;, os.arch: &apos;x86&apos;, os.version: &apos;10.0&apos;, java.version: &apos;1.8.0_251&apos;&#10;Driver info: org.openqa.selenium.firefox.FirefoxDriver&#10;Capabilities {acceptInsecureCerts: true, browserName: firefox, browserVersion: 68.10.0, javascriptEnabled: true, moz:accessibilityChecks: false, moz:buildID: 20200622191537, moz:geckodriverVersion: 0.24.0, moz:headless: false, moz:processID: 38132, moz:profile: C:\Users\GehlotK\AppData\Lo..., moz:shutdownTimeout: 60000, moz:useNonSpecCompliantPointerOrigin: false, moz:webdriverClick: true, pageLoadStrategy: normal, platform: WINDOWS, platformName: WINDOWS, platformVersion: 10.0, rotatable: false, setWindowRect: true, strictFileInteractability: false, timeouts: {implicit: 0, pageLoad: 300000, script: 30000}, unhandledPromptBehavior: dismiss and notify}&#10;Session ID: a51ff372-b782-4973-831f-9198eb653cc4&#10;*** Element info: {Using=xpath, value=//div[@class=&apos;couponsForm-base-applyButton &apos; and text()=&apos;APPLY&apos;]}" type="org.openqa.selenium.NoSuchElementException">org.openqa.selenium.NoSuchElementException: Unable to locate element: //div[@class='couponsForm-base-applyButton ' and text()='APPLY']
For documentation on this error, please visit: https://selenium.dev/exceptions/#no_such_element
Build info: version: '4.0.0-alpha-6', revision: '5f43a29cfc'
System info: host: 'PMCLAP1279', ip: '192.168.56.1', os.name: 'Windows 10', os.arch: 'x86', os.version: '10.0', java.version: '1.8.0_251'
Driver info: org.openqa.selenium.firefox.FirefoxDriver
Capabilities {acceptInsecureCerts: true, browserName: firefox, browserVersion: 68.10.0, javascriptEnabled: true, moz:accessibilityChecks: false, moz:buildID: 20200622191537, moz:geckodriverVersion: 0.24.0, moz:headless: false, moz:processID: 38132, moz:profile: C:\Users\GehlotK\AppData\Lo..., moz:shutdownTimeout: 60000, moz:useNonSpecCompliantPointerOrigin: false, moz:webdriverClick: true, pageLoadStrategy: normal, platform: WINDOWS, platformName: WINDOWS, platformVersion: 10.0, rotatable: false, setWindowRect: true, strictFileInteractability: false, timeouts: {implicit: 0, pageLoad: 300000, script: 30000}, unhandledPromptBehavior: dismiss and notify}
Session ID: a51ff372-b782-4973-831f-9198eb653cc4
*** Element info: {Using=xpath, value=//div[@class='couponsForm-base-applyButton ' and text()='APPLY']}
	at sun.reflect.NativeConstructorAccessorImpl.newInstance0(Native Method)
	at sun.reflect.NativeConstructorAccessorImpl.newInstance(NativeConstructorAccessorImpl.java:62)
	at sun.reflect.DelegatingConstructorAccessorImpl.newInstance(DelegatingConstructorAccessorImpl.java:45)
	at java.lang.reflect.Constructor.newInstance(Constructor.java:423)
	at org.openqa.selenium.remote.codec.w3c.W3CHttpResponseCodec.createException(W3CHttpResponseCodec.java:196)
	at org.openqa.selenium.remote.codec.w3c.W3CHttpResponseCodec.decode(W3CHttpResponseCodec.java:129)
	at org.openqa.selenium.remote.codec.w3c.W3CHttpResponseCodec.decode(W3CHttpResponseCodec.java:53)
	at org.openqa.selenium.remote.HttpCommandExecutor.execute(HttpCommandExecutor.java:160)
	at org.openqa.selenium.remote.service.DriverCommandExecutor.execute(DriverCommandExecutor.java:83)
	at org.openqa.selenium.remote.RemoteWebDriver.execute(RemoteWebDriver.java:582)
	at org.openqa.selenium.remote.RemoteWebDriver.findElement(RemoteWebDriver.java:333)
	at org.openqa.selenium.remote.RemoteWebDriver.findElementByXPath(RemoteWebDriver.java:451)
	at org.openqa.selenium.By$ByXPath.findElement(By.java:394)
	at org.openqa.selenium.remote.RemoteWebDriver.findElement(RemoteWebDriver.java:325)
	at org.openqa.selenium.support.pagefactory.DefaultElementLocator.findElement(DefaultElementLocator.java:70)
	at org.openqa.selenium.support.pagefactory.internal.LocatingElementHandler.invoke(LocatingElementHandler.java:39)
	at com.sun.proxy.$Proxy11.click(Unknown Source)
	at myntrapages.Cartpage.applyinvalidcoupon(Cartpage.java:80)
	at myntratestpages.Carttestpage.applyinvalidcoupon(Carttestpage.java:88)
</failure>
    <system-err><![CDATA[1595324111948	Marionette	INFO	Stopped listening on port 49647
[Parent 12328, Gecko_IOThread] WARNING: pipe error: 109: file z:/task_1592842110/build/src/ipc/chromium/src/chrome/common/ipc_channel_win.cc, line 348
[Child 37304, Chrome_ChildThread] WARNING: pipe error: 109: file z:/task_1592842110/build/src/ipc/chromium/src/chrome/common/ipc_channel_win.cc, line 348
[Child 37304, Chrome_ChildThread] WARNING: pipe error: 109: file z:/task_1592842110[Parent 12328, Gecko_IOThread] WARNING: pipe error: 109: file z:/task_1592842110/build/src/ipc/chromium/src/chrome/common/ipc_channel_win.cc, line 348
[Child 27316, Chrome_ChildThread] WARNING: pipe error: 109: file z:/task_1592842110/build/src/ipc/chromium/src/chrome/common/ipc_channel_win.cc, line 348
[Child 27316, Chrome_ChildThread] WARNING: pipe error: 109: file z:/ta[Parent 12328, Gecko_IOThread] WARNING: pipe error: 109: file z:/task_1592842110/build/src/ipc/chromium/src/chrome/common/ipc_channel_win.cc, line 348
[Child 31124, Chrome_ChildThread] WARNING: pipe error: 109: file z:/task_1592842110/build/src/ipc/chromium/src/chrome/common/ipc_channel_win.cc, line 348
[Child 31124, Chrome_ChildThre[GPU 28
###!!! [Child][RunMessage] Error: Channel closing: too late to send/recv, messages will be lost

784, Chrome_ChildT
###!!! [Child][MessageChannel::SendAndWait] Error: Channel error: cannot send/recv

1595324113784	mozrunner::runner	INFO	Running command: "C:\\Program Files\\Mozilla Firefox\\firefox.exe" "-marionette" "-foreground" "-no-remote" "-profile" "C:\\Users\\GehlotK\\AppData\\Local\\Temp\\rust_mozprofile.n4iS3UuaYtJi"
1595324114305	addons.webextension.screenshots@mozilla.org	WARN	Loading extension 'screenshots@mozilla.org': Reading manifest: Invalid extension permission: mozillaAddons
1595324114305	addons.webextension.screenshots@mozilla.org	WARN	Loading extension 'screenshots@mozilla.org': Reading manifest: Invalid extension permission: telemetry
1595324114305	addons.webextension.screenshots@mozilla.org	WARN	Loading extension 'screenshots@mozilla.org': Reading manifest: Invalid extension permission: resource://pdf.js/
1595324114308	addons.webextension.screenshots@mozilla.org	WARN	Loading extension 'screenshots@mozilla.org': Reading manifest: Invalid extension permission: about:reader*
JavaScript error: undefined, line 14: Error: An unexpected error occurred
JavaScript error: moz-extension://47ef4079-c170-411c-8fc7-809d9d088ab3/lib/picture_in_picture_overrides.js, line 15: Error: Incorrect argument types for pictureInPictureParent.setOverrides.
JavaScript error: resource:///modules/sessionstore/SessionStore.jsm, line 1325: uncaught exception: 2147746065
1595324116095	Marionette	INFO	Listening on port 49746
1595324116399	Marionette	WARN	TLS certificate errors will be ignored for this session
Jul 21, 2020 3:05:16 PM org.openqa.selenium.remote.ProtocolHandshake createSession
INFO: Detected dialect: W3C
JavaScript error: https://www.myntra.com/jeans/kook-n-keech/kook-n-keech-men-black-cargo-jogger-fit-mid-rise-clean-look-stretchable-jeans/10474908/buy line 1630 > scriptElement, line 1: ReferenceError: gtag is not defined
]]></system-err>
  </testcase>
  <testcase name="clickremovebutton" classname="myntratestpages.Carttestpage" time="60.04">
    <failure message="Error communicating with the remote browser. It may have died.&#10;Build info: version: &apos;4.0.0-alpha-6&apos;, revision: &apos;5f43a29cfc&apos;&#10;System info: host: &apos;PMCLAP1279&apos;, ip: &apos;192.168.56.1&apos;, os.name: &apos;Windows 10&apos;, os.arch: &apos;x86&apos;, os.version: &apos;10.0&apos;, java.version: &apos;1.8.0_251&apos;&#10;Driver info: driver.version: RemoteWebDriver&#10;Capabilities {acceptInsecureCerts: true, browserName: firefox, browserVersion: 68.10.0, javascriptEnabled: true, moz:accessibilityChecks: false, moz:buildID: 20200622191537, moz:geckodriverVersion: 0.24.0, moz:headless: false, moz:processID: 25700, moz:profile: C:\Users\GehlotK\AppData\Lo..., moz:shutdownTimeout: 60000, moz:useNonSpecCompliantPointerOrigin: false, moz:webdriverClick: true, pageLoadStrategy: normal, platform: WINDOWS, platformName: WINDOWS, platformVersion: 10.0, rotatable: false, setWindowRect: true, strictFileInteractability: false, timeouts: {implicit: 0, pageLoad: 300000, script: 30000}, unhandledPromptBehavior: dismiss and notify}&#10;Session ID: c7ed19a7-bbc1-4e29-822e-4003943b2bf5" type="org.openqa.selenium.remote.UnreachableBrowserException">org.openqa.selenium.remote.UnreachableBrowserException: Error communicating with the remote browser. It may have died.
Build info: version: '4.0.0-alpha-6', revision: '5f43a29cfc'
System info: host: 'PMCLAP1279', ip: '192.168.56.1', os.name: 'Windows 10', os.arch: 'x86', os.version: '10.0', java.version: '1.8.0_251'
Driver info: driver.version: RemoteWebDriver
Capabilities {acceptInsecureCerts: true, browserName: firefox, browserVersion: 68.10.0, javascriptEnabled: true, moz:accessibilityChecks: false, moz:buildID: 20200622191537, moz:geckodriverVersion: 0.24.0, moz:headless: false, moz:processID: 25700, moz:profile: C:\Users\GehlotK\AppData\Lo..., moz:shutdownTimeout: 60000, moz:useNonSpecCompliantPointerOrigin: false, moz:webdriverClick: true, pageLoadStrategy: normal, platform: WINDOWS, platformName: WINDOWS, platformVersion: 10.0, rotatable: false, setWindowRect: true, strictFileInteractability: false, timeouts: {implicit: 0, pageLoad: 300000, script: 30000}, unhandledPromptBehavior: dismiss and notify}
Session ID: c7ed19a7-bbc1-4e29-822e-4003943b2bf5
	at java.util.concurrent.CompletableFuture.reportGet(CompletableFuture.java:357)
	at java.util.concurrent.CompletableFuture.get(CompletableFuture.java:1908)
	at org.asynchttpclient.netty.NettyResponseFuture.get(NettyResponseFuture.java:201)
	at org.openqa.selenium.remote.http.netty.NettyHttpHandler.makeCall(NettyHttpHandler.java:57)
	at org.openqa.selenium.remote.http.AddSeleniumUserAgent.lambda$apply$0(AddSeleniumUserAgent.java:42)
	at org.openqa.selenium.remote.http.Filter.lambda$andFinally$1(Filter.java:56)
	at org.openqa.selenium.remote.http.netty.NettyHttpHandler.execute(NettyHttpHandler.java:47)
	at org.openqa.selenium.remote.http.AddSeleniumUserAgent.lambda$apply$0(AddSeleniumUserAgent.java:42)
	at org.openqa.selenium.remote.http.Filter.lambda$andFinally$1(Filter.java:56)
	at org.openqa.selenium.remote.http.netty.NettyClient.execute(NettyClient.java:55)
	at org.openqa.selenium.remote.HttpCommandExecutor.execute(HttpCommandExecutor.java:157)
	at org.openqa.selenium.remote.service.DriverCommandExecutor.execute(DriverCommandExecutor.java:83)
	at org.openqa.selenium.remote.RemoteWebDriver.execute(RemoteWebDriver.java:582)
	at org.openqa.selenium.remote.RemoteWebElement.execute(RemoteWebElement.java:316)
	at org.openqa.selenium.remote.RemoteWebElement.click(RemoteWebElement.java:85)
	at sun.reflect.GeneratedMethodAccessor1.invoke(Unknown Source)
	at sun.reflect.DelegatingMethodAccessorImpl.invoke(DelegatingMethodAccessorImpl.java:43)
	at java.lang.reflect.Method.invoke(Method.java:498)
	at org.openqa.selenium.support.pagefactory.internal.LocatingElementHandler.invoke(LocatingElementHandler.java:52)
	at com.sun.proxy.$Proxy11.click(Unknown Source)
	at myntrapages.Productpage.clickcart(Productpage.java:131)
	at myntratestpages.Carttestpage.clickremovebutton(Carttestpage.java:81)
Caused by: java.util.concurrent.TimeoutException: Request timeout to localhost/127.0.0.1:29215 after 60000 ms
	at org.asynchttpclient.netty.timeout.TimeoutTimerTask.expire(TimeoutTimerTask.java:43)
	at org.asynchttpclient.netty.timeout.RequestTimeoutTimerTask.run(RequestTimeoutTimerTask.java:50)
	at io.netty.util.HashedWheelTimer$HashedWheelTimeout.expire(HashedWheelTimer.java:672)
	at io.netty.util.HashedWheelTimer$HashedWheelBucket.expireTimeouts(HashedWheelTimer.java:747)
	at io.netty.util.HashedWheelTimer$Worker.run(HashedWheelTimer.java:472)
	at io.netty.util.concurrent.FastThreadLocalRunnable.run(FastThreadLocalRunnable.java:30)
	at java.lang.Thread.run(Thread.java:748)
</failure>
    <system-err><![CDATA[1595324229939	Marionette	INFO	Stopped listening on port 49746
[Parent 38132, Gecko_IOThread] WARNING: pipe error: 109: file z:/task_1592842110/build/src/ipc/chromium/src/chrome/common/ipc_channel_win.cc, line 348
[Child 23096, Chrome_ChildThread] WARNING: pipe error: 109: file z:/task_1592842110/build/src/ipc/chromium/src/chrome/common/ipc_channel_win.cc, line 348
[Child 23096, Chrome_ChildThread] WARNING: pipe error: 109: file z:/task_1592842110/build/src/ipc/chromium/src/chrome/common/ipc_channel_win.cc, line 348
[Parent 38132, Gecko_IOThread] WARNING: pipe error: 109: file z:/task_1592842110/build/src/ipc/chromium/src/chrome/common/ipc_channel_win.cc, line 348
[Parent 38132, Gecko_IOThread] WARNING: pipe error: 109: file z:/task_1592842110/build/src/ipc/chromium/src/chrome/common/ipc_channel_win.cc, line 348
[Child 18292, Chrome_ChildThread] WARNING: pipe error: 109: file z:/task_1592842110/build/src/ipc/chromium/src/chrome/common/ipc_channel_win.cc, line 348
[Child 18292, Chrome_ChildThread] WARNING: pipe error: 109: file z:/task_15928[G
###!!! [Child][RunMessage] Error: Channel closing: too late to send/recv, messages will be lost

PU 39056, Chrome_ChildThread] WARNING: pipe error: 109: file z:/task_15
###!!! [Child][MessageChannel::SendAndWait] Error: Channel error: cannot send/recv

1595324231482	mozrunner::runner	INFO	Running command: "C:\\Program Files\\Mozilla Firefox\\firefox.exe" "-marionette" "-foreground" "-no-remote" "-profile" "C:\\Users\\GehlotK\\AppData\\Local\\Temp\\rust_mozprofile.am5kqBJ3nhXh"
1595324232039	addons.webextension.screenshots@mozilla.org	WARN	Loading extension 'screenshots@mozilla.org': Reading manifest: Invalid extension permission: mozillaAddons
1595324232039	addons.webextension.screenshots@mozilla.org	WARN	Loading extension 'screenshots@mozilla.org': Reading manifest: Invalid extension permission: telemetry
1595324232039	addons.webextension.screenshots@mozilla.org	WARN	Loading extension 'screenshots@mozilla.org': Reading manifest: Invalid extension permission: resource://pdf.js/
1595324232042	addons.webextension.screenshots@mozilla.org	WARN	Loading extension 'screenshots@mozilla.org': Reading manifest: Invalid extension permission: about:reader*
JavaScript error: undefined, line 14: Error: An unexpected error occurred
JavaScript error: moz-extension://63aa04e6-fb7f-4aa9-98d1-549524f213d8/lib/picture_in_picture_overrides.js, line 15: Error: Incorrect argument types for pictureInPictureParent.setOverrides.
JavaScript error: resource:///modules/sessionstore/SessionStore.jsm, line 1325: uncaught exception: 2147746065
1595324233834	Marionette	INFO	Listening on port 49859
1595324234108	Marionette	WARN	TLS certificate errors will be ignored for this session
Jul 21, 2020 3:07:14 PM org.openqa.selenium.remote.ProtocolHandshake createSession
INFO: Detected dialect: W3C
JavaScript error: https://www.myntra.com/jeans/kook-n-keech/kook-n-keech-men-black-cargo-jogger-fit-mid-rise-clean-look-stretchable-jeans/10474908/buy line 1630 > scriptElement, line 1: ReferenceError: gtag is not defined
]]></system-err>
  </testcase>
  <testcase name="placeorder" classname="myntratestpages.Carttestpage" time="2.144">
    <failure message="Element &lt;a class=&quot;desktop-linkButton&quot; href=&quot;/login?referer=https://www.myntra.com/jeans/kook-n-keech/kook-n-keech-men-black-cargo-jogger-fit-mid-rise-clean-look-stretchable-jeans/10474908/buy&quot;&gt; is not clickable at point (1265,170) because another element &lt;div class=&quot;notify-container&quot;&gt; obscures it&#10;Build info: version: &apos;4.0.0-alpha-6&apos;, revision: &apos;5f43a29cfc&apos;&#10;System info: host: &apos;PMCLAP1279&apos;, ip: &apos;192.168.56.1&apos;, os.name: &apos;Windows 10&apos;, os.arch: &apos;x86&apos;, os.version: &apos;10.0&apos;, java.version: &apos;1.8.0_251&apos;&#10;Driver info: org.openqa.selenium.firefox.FirefoxDriver&#10;Capabilities {acceptInsecureCerts: true, browserName: firefox, browserVersion: 68.10.0, javascriptEnabled: true, moz:accessibilityChecks: false, moz:buildID: 20200622191537, moz:geckodriverVersion: 0.24.0, moz:headless: false, moz:processID: 30576, moz:profile: C:\Users\GehlotK\AppData\Lo..., moz:shutdownTimeout: 60000, moz:useNonSpecCompliantPointerOrigin: false, moz:webdriverClick: true, pageLoadStrategy: normal, platform: WINDOWS, platformName: WINDOWS, platformVersion: 10.0, rotatable: false, setWindowRect: true, strictFileInteractability: false, timeouts: {implicit: 0, pageLoad: 300000, script: 30000}, unhandledPromptBehavior: dismiss and notify}&#10;Session ID: bc675a59-d92f-4305-84c1-eff7258b40f0" type="org.openqa.selenium.ElementClickInterceptedException"><![CDATA[org.openqa.selenium.ElementClickInterceptedException: Element <a class="desktop-linkButton" href="/login?referer=https://www.myntra.com/jeans/kook-n-keech/kook-n-keech-men-black-cargo-jogger-fit-mid-rise-clean-look-stretchable-jeans/10474908/buy"> is not clickable at point (1265,170) because another element <div class="notify-container"> obscures it
Build info: version: '4.0.0-alpha-6', revision: '5f43a29cfc'
System info: host: 'PMCLAP1279', ip: '192.168.56.1', os.name: 'Windows 10', os.arch: 'x86', os.version: '10.0', java.version: '1.8.0_251'
Driver info: org.openqa.selenium.firefox.FirefoxDriver
Capabilities {acceptInsecureCerts: true, browserName: firefox, browserVersion: 68.10.0, javascriptEnabled: true, moz:accessibilityChecks: false, moz:buildID: 20200622191537, moz:geckodriverVersion: 0.24.0, moz:headless: false, moz:processID: 30576, moz:profile: C:\Users\GehlotK\AppData\Lo..., moz:shutdownTimeout: 60000, moz:useNonSpecCompliantPointerOrigin: false, moz:webdriverClick: true, pageLoadStrategy: normal, platform: WINDOWS, platformName: WINDOWS, platformVersion: 10.0, rotatable: false, setWindowRect: true, strictFileInteractability: false, timeouts: {implicit: 0, pageLoad: 300000, script: 30000}, unhandledPromptBehavior: dismiss and notify}
Session ID: bc675a59-d92f-4305-84c1-eff7258b40f0
	at sun.reflect.NativeConstructorAccessorImpl.newInstance0(Native Method)
	at sun.reflect.NativeConstructorAccessorImpl.newInstance(NativeConstructorAccessorImpl.java:62)
	at sun.reflect.DelegatingConstructorAccessorImpl.newInstance(DelegatingConstructorAccessorImpl.java:45)
	at java.lang.reflect.Constructor.newInstance(Constructor.java:423)
	at org.openqa.selenium.remote.codec.w3c.W3CHttpResponseCodec.createException(W3CHttpResponseCodec.java:196)
	at org.openqa.selenium.remote.codec.w3c.W3CHttpResponseCodec.decode(W3CHttpResponseCodec.java:129)
	at org.openqa.selenium.remote.codec.w3c.W3CHttpResponseCodec.decode(W3CHttpResponseCodec.java:53)
	at org.openqa.selenium.remote.HttpCommandExecutor.execute(HttpCommandExecutor.java:160)
	at org.openqa.selenium.remote.service.DriverCommandExecutor.execute(DriverCommandExecutor.java:83)
	at org.openqa.selenium.remote.RemoteWebDriver.execute(RemoteWebDriver.java:582)
	at org.openqa.selenium.remote.RemoteWebElement.execute(RemoteWebElement.java:316)
	at org.openqa.selenium.remote.RemoteWebElement.click(RemoteWebElement.java:85)
	at sun.reflect.GeneratedMethodAccessor1.invoke(Unknown Source)
	at sun.reflect.DelegatingMethodAccessorImpl.invoke(DelegatingMethodAccessorImpl.java:43)
	at java.lang.reflect.Method.invoke(Method.java:498)
	at org.openqa.selenium.support.pagefactory.internal.LocatingElementHandler.invoke(LocatingElementHandler.java:52)
	at com.sun.proxy.$Proxy11.click(Unknown Source)
	at myntrapages.Homepage.login(Homepage.java:89)
	at myntratestpages.Carttestpage.placeorder(Carttestpage.java:96)
]]></failure>
    <system-err><![CDATA[1595324358166	Marionette	INFO	Stopped listening on port 49859
[Parent 25700, Gecko_IOThread] WARNING: pipe error: 109: file z:/task_1592842110/build/src/ipc/chromium/src/chrome/common/ipc_channel_win.cc, line 348
[Child 28136, Chrome_ChildThread] WARNING: pipe error: 109: file z:/task_1592842110/build/src/ipc/chromium/src/chrome/common/ipc_channel_win.cc, line 348
[Child 28136, Chrome_ChildThread] WA[Parent 25700, Gecko_IOThread] WARNING: pipe error: 109: file z:/task_1592842110/build/src/ipc/chromium/src/chrome/common/ipc_channel_win.cc, line 348
[Ch[Parent 25700, Gecko_IOThread] WARNING: pipe error: 109: file z:/task_1592842110/build/src/ipc/chromium/src/chrome/common/ipc_channel_win.cc, line 348

###!!! [Child][RunMessage] Error: Channel closing: too late to send/recv, messages will be lost

[GPU 33668, Chrome_ChildThread] WARNING: pipe error: 109: fi
###!!! [Child][MessageChannel::SendAndWait] Error: Channel error: cannot send/recv

1595324359507	mozrunner::runner	INFO	Running command: "C:\\Program Files\\Mozilla Firefox\\firefox.exe" "-marionette" "-foreground" "-no-remote" "-profile" "C:\\Users\\GehlotK\\AppData\\Local\\Temp\\rust_mozprofile.dHsb7j11TNdL"
1595324360044	addons.webextension.screenshots@mozilla.org	WARN	Loading extension 'screenshots@mozilla.org': Reading manifest: Invalid extension permission: mozillaAddons
1595324360044	addons.webextension.screenshots@mozilla.org	WARN	Loading extension 'screenshots@mozilla.org': Reading manifest: Invalid extension permission: telemetry
1595324360045	addons.webextension.screenshots@mozilla.org	WARN	Loading extension 'screenshots@mozilla.org': Reading manifest: Invalid extension permission: resource://pdf.js/
1595324360048	addons.webextension.screenshots@mozilla.org	WARN	Loading extension 'screenshots@mozilla.org': Reading manifest: Invalid extension permission: about:reader*
JavaScript error: undefined, line 14: Error: An unexpected error occurred
JavaScript error: moz-extension://6b963d0e-c2f3-43c6-85bd-f42245777e47/lib/picture_in_picture_overrides.js, line 15: Error: Incorrect argument types for pictureInPictureParent.setOverrides.
JavaScript error: resource:///modules/sessionstore/SessionStore.jsm, line 1325: uncaught exception: 2147746065
1595324361884	Marionette	INFO	Listening on port 49975
1595324362131	Marionette	WARN	TLS certificate errors will be ignored for this session
Jul 21, 2020 3:09:22 PM org.openqa.selenium.remote.ProtocolHandshake createSession
INFO: Detected dialect: W3C
JavaScript error: https://www.myntra.com/jeans/kook-n-keech/kook-n-keech-men-black-cargo-jogger-fit-mid-rise-clean-look-stretchable-jeans/10474908/buy line 1630 > scriptElement, line 1: ReferenceError: gtag is not defined
]]></system-err>
  </testcase>
  <testcase name="shoppingbagtext" classname="myntratestpages.Carttestpage" time="8.521"/>
  <testcase name="title" classname="myntratestpages.Carttestpage" time="14.588"/>
  <testcase name="updatesize" classname="myntratestpages.Carttestpage" time="9.738"/>
  <testcase name="login" classname="myntratestpages.Logintestpage" time="20.613"/>
  <testcase name="loginlabel" classname="myntratestpages.Logintestpage" time="0.072"/>
  <testcase name="loginscreenimage" classname="myntratestpages.Logintestpage" time="0.077"/>
  <testcase name="passwordreset" classname="myntratestpages.Logintestpage" time="0.886"/>
  <testcase name="telcode" classname="myntratestpages.Logintestpage" time="0.035"/>
</testsuite>